#
# There is insufficient memory for the Java Runtime Environment to continue.
# Native memory allocation (mmap) failed to map 130023424 bytes for G1 virtual space
# Possible reasons:
#   The system is out of physical RAM or swap space
#   The process is running with CompressedOops enabled, and the Java Heap may be blocking the growth of the native heap
# Possible solutions:
#   Reduce memory load on the system
#   Increase physical memory or swap space
#   Check if swap backing store is full
#   Decrease Java heap size (-Xmx/-Xms)
#   Decrease number of Java threads
#   Decrease Java thread stack sizes (-Xss)
#   Set larger code cache with -XX:ReservedCodeCacheSize=
#   JVM is running with Unscaled Compressed Oops mode in which the Java heap is
#     placed in the first 4GB address space. The Java Heap base address is the
#     maximum limit for the native heap growth. Please use -XX:HeapBaseMinAddress
#     to set the Java Heap base and to place the Java Heap above 4GB virtual address.
# This output file may be truncated or incomplete.
#
#  Out of Memory Error (os_windows.cpp:3550), pid=14756, tid=9928
#
# JRE version:  (17.0.8+9) (build )
# Java VM: Java HotSpot(TM) 64-Bit Server VM (17.0.8+9-LTS-211, mixed mode, emulated-client, sharing, tiered, compressed oops, compressed class ptrs, g1 gc, windows-amd64)
# No core dump will be written. Minidumps are not enabled by default on client versions of Windows
#

---------------  S U M M A R Y ------------

Command Line: -XX:TieredStopAtLevel=1 -Xverify:none -Dspring.output.ansi.enabled=always -javaagent:D:\ideaIU-2020.3.4.win\lib\idea_rt.jar=51557:D:\ideaIU-2020.3.4.win\bin -Dcom.sun.management.jmxremote -Dspring.jmx.enabled=true -Dspring.liveBeansView.mbeanDomain -Dspring.application.admin.enabled=true -Dfile.encoding=UTF-8 com.example.demo.DemoApplication

Host: 11th Gen Intel(R) Core(TM) i3-1115G4 @ 3.00GHz, 4 cores, 7G,  Windows 10 , 64 bit Build 19041 (10.0.19041.5198)
Time: Sun Jan 12 17:50:36 2025 SE Asia Standard Time elapsed time: 0.092301 seconds (0d 0h 0m 0s)

---------------  T H R E A D  ---------------

Current thread (0x0000025086559c40):  JavaThread "Unknown thread" [_thread_in_vm, id=9928, stack(0x000000c821100000,0x000000c821200000)]

Stack: [0x000000c821100000,0x000000c821200000]
Native frames: (J=compiled Java code, j=interpreted, Vv=VM code, C=native code)
V  [jvm.dll+0x677d0a]
V  [jvm.dll+0x7d8c54]
V  [jvm.dll+0x7da3fe]
V  [jvm.dll+0x7daa63]
V  [jvm.dll+0x245c5f]
V  [jvm.dll+0x674bb9]
V  [jvm.dll+0x6694f2]
V  [jvm.dll+0x3031d6]
V  [jvm.dll+0x30a756]
V  [jvm.dll+0x359f9e]
V  [jvm.dll+0x35a1cf]
V  [jvm.dll+0x2da3e8]
V  [jvm.dll+0x2db354]
V  [jvm.dll+0x7aa711]
V  [jvm.dll+0x367b51]
V  [jvm.dll+0x789979]
V  [jvm.dll+0x3eb05f]
V  [jvm.dll+0x3ecae1]
C  [jli.dll+0x5297]
C  [ucrtbase.dll+0x21bb2]
C  [KERNEL32.DLL+0x17374]
C  [ntdll.dll+0x4cc91]


---------------  P R O C E S S  ---------------

Threads class SMR info:
_java_thread_list=0x00007ffac1d359d8, length=0, elements={
}

Java Threads: ( => current thread )

Other Threads:
  0x00000250865b2ee0 GCTaskThread "GC Thread#0" [stack: 0x000000c821200000,0x000000c821300000] [id=2768]
  0x00000250865c4240 ConcurrentGCThread "G1 Main Marker" [stack: 0x000000c821300000,0x000000c821400000] [id=14848]
  0x00000250865c4b60 ConcurrentGCThread "G1 Conc#0" [stack: 0x000000c821400000,0x000000c821500000] [id=6992]

[error occurred during error reporting (printing all threads), id 0xc0000005, EXCEPTION_ACCESS_VIOLATION (0xc0000005) at pc=0x00007ffac156b047]

VM state: not at safepoint (not fully initialized)

VM Mutex/Monitor currently owned by a thread:  ([mutex/lock_event])
[0x0000025086556210] Heap_lock - owner thread: 0x0000025086559c40

Heap address: 0x0000000085800000, size: 1960 MB, Compressed Oops mode: 32-bit

CDS archive(s) mapped at: [0x0000000000000000-0x0000000000000000-0x0000000000000000), size 0, SharedBaseAddress: 0x0000000800000000, ArchiveRelocationMode: 1.
Narrow klass base: 0x0000000000000000, Narrow klass shift: 0, Narrow klass range: 0x0

GC Precious Log:
<Empty>

Heap:
 garbage-first heap   total 0K, used 0K [0x0000000085800000, 0x0000000100000000)
  region size 1024K, 0 young (0K), 0 survivors (0K)

[error occurred during error reporting (printing heap information), id 0xc0000005, EXCEPTION_ACCESS_VIOLATION (0xc0000005) at pc=0x00007ffac1951499]

GC Heap History (0 events):
No events

Deoptimization events (0 events):
No events

Classes unloaded (0 events):
No events

Classes redefined (0 events):
No events

Internal exceptions (0 events):
No events

VM Operations (0 events):
No events

Events (1 events):
Event: 0.042 Loaded shared library C:\Program Files\Java\jdk-17\bin\java.dll


Dynamic libraries:
0x00007ff66a770000 - 0x00007ff66a780000 	C:\Program Files\Java\jdk-17\bin\java.exe
0x00007ffb401f0000 - 0x00007ffb403e8000 	C:\Windows\SYSTEM32\ntdll.dll
0x00007ffb3e270000 - 0x00007ffb3e332000 	C:\Windows\System32\KERNEL32.DLL
0x00007ffb3da80000 - 0x00007ffb3dd7e000 	C:\Windows\System32\KERNELBASE.dll
0x00007ffb3e060000 - 0x00007ffb3e160000 	C:\Windows\System32\ucrtbase.dll
0x00007ffb28760000 - 0x00007ffb28779000 	C:\Program Files\Java\jdk-17\bin\jli.dll
0x00007ffb3e350000 - 0x00007ffb3e401000 	C:\Windows\System32\ADVAPI32.dll
0x00007ffb3fd80000 - 0x00007ffb3fe1e000 	C:\Windows\System32\msvcrt.dll
0x00007ffb3e5b0000 - 0x00007ffb3e64f000 	C:\Windows\System32\sechost.dll
0x00007ffb3fba0000 - 0x00007ffb3fcc3000 	C:\Windows\System32\RPCRT4.dll
0x00007ffb3d890000 - 0x00007ffb3d8b7000 	C:\Windows\System32\bcrypt.dll
0x00007ffb3e410000 - 0x00007ffb3e5ad000 	C:\Windows\System32\USER32.dll
0x00007ffb3de10000 - 0x00007ffb3de32000 	C:\Windows\System32\win32u.dll
0x00007ffb3e990000 - 0x00007ffb3e9bb000 	C:\Windows\System32\GDI32.dll
0x00007ffb3d8c0000 - 0x00007ffb3d9d7000 	C:\Windows\System32\gdi32full.dll
0x00007ffb3d9e0000 - 0x00007ffb3da7d000 	C:\Windows\System32\msvcp_win.dll
0x00007ffb286e0000 - 0x00007ffb286fb000 	C:\Program Files\Java\jdk-17\bin\VCRUNTIME140.dll
0x00007ffb3cb80000 - 0x00007ffb3ce1a000 	C:\Windows\WinSxS\amd64_microsoft.windows.common-controls_6595b64144ccf1df_6.0.19041.4355_none_60b8b9eb71f62e16\COMCTL32.dll
0x00007ffb38850000 - 0x00007ffb3885a000 	C:\Windows\SYSTEM32\VERSION.dll
0x00007ffb3e790000 - 0x00007ffb3e7bf000 	C:\Windows\System32\IMM32.DLL
0x00007ffb35fe0000 - 0x00007ffb35fec000 	C:\Program Files\Java\jdk-17\bin\vcruntime140_1.dll
0x00007ffafd890000 - 0x00007ffafd91e000 	C:\Program Files\Java\jdk-17\bin\msvcp140.dll
0x00007ffac1280000 - 0x00007ffac1e5e000 	C:\Program Files\Java\jdk-17\bin\server\jvm.dll
0x00007ffb3e340000 - 0x00007ffb3e348000 	C:\Windows\System32\PSAPI.DLL
0x00007ffb361e0000 - 0x00007ffb361e9000 	C:\Windows\SYSTEM32\WSOCK32.dll
0x00007ffb3fb30000 - 0x00007ffb3fb9b000 	C:\Windows\System32\WS2_32.dll
0x00007ffb1e6f0000 - 0x00007ffb1e717000 	C:\Windows\SYSTEM32\WINMM.dll
0x00007ffb3b9f0000 - 0x00007ffb3ba02000 	C:\Windows\SYSTEM32\kernel.appcore.dll
0x00007ffb35f30000 - 0x00007ffb35f3a000 	C:\Program Files\Java\jdk-17\bin\jimage.dll
0x00007ffb3d360000 - 0x00007ffb3d544000 	C:\Windows\SYSTEM32\DBGHELP.DLL
0x00007ffb3d1b0000 - 0x00007ffb3d1e4000 	C:\Windows\SYSTEM32\dbgcore.DLL
0x00007ffb3dd80000 - 0x00007ffb3de02000 	C:\Windows\System32\bcryptPrimitives.dll
0x00007ffb33ff0000 - 0x00007ffb33ffe000 	C:\Program Files\Java\jdk-17\bin\instrument.dll
0x00007ffb1e2b0000 - 0x00007ffb1e2d5000 	C:\Program Files\Java\jdk-17\bin\java.dll

dbghelp: loaded successfully - version: 4.0.5 - missing functions: none
symbol engine: initialized successfully - sym options: 0x614 - pdb path: .;C:\Program Files\Java\jdk-17\bin;C:\Windows\SYSTEM32;C:\Windows\WinSxS\amd64_microsoft.windows.common-controls_6595b64144ccf1df_6.0.19041.4355_none_60b8b9eb71f62e16;C:\Program Files\Java\jdk-17\bin\server

VM Arguments:
jvm_args: -XX:TieredStopAtLevel=1 -Xverify:none -Dspring.output.ansi.enabled=always -javaagent:D:\ideaIU-2020.3.4.win\lib\idea_rt.jar=51557:D:\ideaIU-2020.3.4.win\bin -Dcom.sun.management.jmxremote -Dspring.jmx.enabled=true -Dspring.liveBeansView.mbeanDomain -Dspring.application.admin.enabled=true -Dfile.encoding=UTF-8 
java_command: com.example.demo.DemoApplication
java_class_path (initial): C:\Users\HP\OneDrive\Máy tính\du_an_tot_nghiep\Panda_Shirt\target\classes;C:\Users\HP\.m2\repository\javax\servlet\javax.servlet-api\4.0.1\javax.servlet-api-4.0.1.jar;C:\Users\HP\.m2\repository\com\fasterxml\jackson\core\jackson-databind\2.17.2\jackson-databind-2.17.2.jar;C:\Users\HP\.m2\repository\com\fasterxml\jackson\core\jackson-annotations\2.17.2\jackson-annotations-2.17.2.jar;C:\Users\HP\.m2\repository\com\fasterxml\jackson\core\jackson-core\2.17.2\jackson-core-2.17.2.jar;C:\Users\HP\.m2\repository\org\springframework\boot\spring-boot-starter-thymeleaf\3.3.4\spring-boot-starter-thymeleaf-3.3.4.jar;C:\Users\HP\.m2\repository\org\thymeleaf\thymeleaf-spring6\3.1.2.RELEASE\thymeleaf-spring6-3.1.2.RELEASE.jar;C:\Users\HP\.m2\repository\org\thymeleaf\thymeleaf\3.1.2.RELEASE\thymeleaf-3.1.2.RELEASE.jar;C:\Users\HP\.m2\repository\org\attoparser\attoparser\2.0.7.RELEASE\attoparser-2.0.7.RELEASE.jar;C:\Users\HP\.m2\repository\org\unbescape\unbescape\1.1.6.RELEASE\unbescape-1.1.6.RELEASE.jar;C:\Users\HP\.m2\repository\org\springframework\boot\spring-boot-starter-mail\3.3.4\spring-boot-starter-mail-3.3.4.jar;C:\Users\HP\.m2\repository\org\springframework\spring-context-support\6.1.13\spring-context-support-6.1.13.jar;C:\Users\HP\.m2\repository\org\springframework\spring-beans\6.1.13\spring-beans-6.1.13.jar;C:\Users\HP\.m2\repository\org\springframework\spring-context\6.1.13\spring-context-6.1.13.jar;C:\Users\HP\.m2\repository\org\eclipse\angus\jakarta.mail\2.0.3\jakarta.mail-2.0.3.jar;C:\Users\HP\.m2\repository\jakarta\activation\jakarta.activation-api\2.1.3\jakarta.activation-api-2.1.3.jar;C:\Users\HP\.m2\repository\org\eclipse\angus\angus-activation\2.0.2\angus-activation-2.0.2.jar;C:\Users\HP\.m2\repository\org\springframework\boot\spring-boot-starter-web\3.3.4\spring-boot-starter-web-3.3.4.jar;C:\Users\HP\.m2\repository\org\springframework\boot\spring-boot-starter-json\3.3.4\spring-boot-starter-json-3.3.4.jar;C:\Users\HP\.m2\repository\com
Launcher Type: SUN_STANDARD

[Global flags]
     intx CICompilerCount                          = 3                                         {product} {ergonomic}
     uint ConcGCThreads                            = 1                                         {product} {ergonomic}
     uint G1ConcRefinementThreads                  = 4                                         {product} {ergonomic}
   size_t G1HeapRegionSize                         = 1048576                                   {product} {ergonomic}
    uintx GCDrainStackTargetSize                   = 64                                        {product} {ergonomic}
   size_t InitialHeapSize                          = 130023424                                 {product} {ergonomic}
     bool ManagementServer                         = true                                      {product} {command line}
   size_t MarkStackSize                            = 4194304                                   {product} {ergonomic}
   size_t MaxHeapSize                              = 2055208960                                {product} {ergonomic}
   size_t MinHeapDeltaBytes                        = 1048576                                   {product} {ergonomic}
   size_t MinHeapSize                              = 8388608                                   {product} {ergonomic}
    uintx NonProfiledCodeHeapSize                  = 0                                      {pd product} {ergonomic}
     bool ProfileInterpreter                       = false                                  {pd product} {command line}
    uintx ProfiledCodeHeapSize                     = 0                                      {pd product} {ergonomic}
   size_t SoftMaxHeapSize                          = 2055208960                             {manageable} {ergonomic}
     intx TieredStopAtLevel                        = 1                                         {product} {command line}
     bool UseCompressedClassPointers               = true                           {product lp64_product} {ergonomic}
     bool UseCompressedOops                        = true                           {product lp64_product} {ergonomic}
     bool UseG1GC                                  = true                                      {product} {ergonomic}
     bool UseLargePagesIndividualAllocation        = false                                  {pd product} {ergonomic}

Logging:
Log output configuration:
 #0: stdout all=warning uptime,level,tags
 #1: stderr all=off uptime,level,tags

Environment Variables:
PATH=C:\Program Files\Common Files\Oracle\Java\javapath;C:\Program Files (x86)\Common Files\Oracle\Java\javapath;C:\Windows\system32;C:\Windows;C:\Windows\System32\Wbem;C:\Windows\System32\WindowsPowerShell\v1.0\;C:\Windows\System32\OpenSSH\;C:\Program Files\Microsoft SQL Server\Client SDK\ODBC\170\Tools\Binn\;C:\Program Files (x86)\Microsoft SQL Server\150\Tools\Binn\;C:\Program Files\Microsoft SQL Server\150\Tools\Binn\;C:\Program Files\Microsoft SQL Server\150\DTS\Binn\;C:\Program Files\Azure Data Studio\bin;C:\Program Files (x86)\Microsoft SQL Server\150\DTS\Binn\;D:\Git\cmd;C:\Program Files\nodejs\;C:\Program Files\dotnet\;C:\Program Files\Docker\Docker\resources\bin;C:\Users\HP\AppData\Local\Programs\Python\Python312\Scripts\;C:\Users\HP\AppData\Local\Programs\Python\Python312\;C:\Users\HP\AppData\Local\Programs\Python\Launcher\;C:\Users\HP\AppData\Local\Microsoft\WindowsApps;;D:\Microsoft VS Code\bin;C:\Program Files\Azure Data Studio\bin;C:\Users\HP\AppData\Roaming\npm
USERNAME=HP
OS=Windows_NT
PROCESSOR_IDENTIFIER=Intel64 Family 6 Model 140 Stepping 1, GenuineIntel



---------------  S Y S T E M  ---------------

OS:
 Windows 10 , 64 bit Build 19041 (10.0.19041.5198)
OS uptime: 1 days 0:43 hours
Hyper-V role detected

CPU: total 4 (initial active 4) (2 cores per cpu, 2 threads per core) family 6 model 140 stepping 1 microcode 0x8a, cx8, cmov, fxsr, ht, mmx, 3dnowpref, sse, sse2, sse3, ssse3, sse4.1, sse4.2, popcnt, lzcnt, tsc, tscinvbit, avx, avx2, aes, erms, clmul, bmi1, bmi2, adx, avx512f, avx512dq, avx512cd, avx512bw, avx512vl, sha, fma, vzeroupper, avx512_vpopcntdq, avx512_vpclmulqdq, avx512_vaes, avx512_vnni, clflush, clflushopt, clwb, avx512_vbmi2, avx512_vbmi, hv

Memory: 4k page, system-wide physical 7834M (473M free)
TotalPageFile size 12079M (AvailPageFile size 28M)
current process WorkingSet (physical memory assigned to process): 10M, peak: 10M
current process commit charge ("private bytes"): 47M, peak: 170M

vm_info: Java HotSpot(TM) 64-Bit Server VM (17.0.8+9-LTS-211) for windows-amd64 JRE (17.0.8+9-LTS-211), built on Jun 14 2023 10:34:31 by "mach5one" with MS VC++ 17.1 (VS2022)

END.
